2024-12-22 16:51:13,272 - INFO - Loading raw data from C:/Users/riteshgupta6/PycharmProjects/Python-data-cleaning/data/Customer_data.csv
2024-12-22 16:51:13,316 - INFO - Cleaning and transforming data...
2024-12-22 16:51:13,339 - INFO - Saving transformed data to cleaned_data.csv
2024-12-26 11:40:18,491 - INFO - Loading raw data from C:/Users/riteshgupta6/PycharmProjects/Python-data-cleaning/data/Sales.csv
2024-12-26 11:40:18,507 - INFO - Cleaning and transforming data...
2024-12-26 11:40:18,523 - ERROR - Error saving data to MySQL: 'sales_data'
2024-12-26 11:44:48,757 - INFO - Loading raw data from C:/Users/riteshgupta6/PycharmProjects/Python-data-cleaning/data/Sales.csv
2024-12-26 11:44:48,767 - INFO - Cleaning and transforming data...
2024-12-26 11:44:48,769 - ERROR - Error saving data to MySQL: 'localhost'
2024-12-26 11:46:30,581 - INFO - Loading raw data from C:/Users/riteshgupta6/PycharmProjects/Python-data-cleaning/data/Sales.csv
2024-12-26 11:46:30,610 - INFO - Cleaning and transforming data...
2024-12-26 11:46:30,612 - ERROR - Error saving data to MySQL: 'localhost'
2024-12-26 12:17:36,526 - INFO - Loading raw data from C:/Users/riteshgupta6/PycharmProjects/Python-data-cleaning/data/Sales.csv
2024-12-26 12:17:36,542 - INFO - Cleaning and transforming data...
2024-12-26 12:17:37,413 - INFO - Data successfully loaded into MySQL database
2024-12-26 12:21:03,541 - INFO - Loading raw data from C:/Users/riteshgupta6/PycharmProjects/Python-data-cleaning/data/Sales.csv
2024-12-26 12:21:03,541 - INFO - Cleaning and transforming data...
2024-12-26 12:21:04,174 - INFO - Data successfully loaded into MySQL database
2024-12-26 12:22:08,683 - INFO - Loading raw data from C:/Users/riteshgupta6/PycharmProjects/Python-data-cleaning/data/Sales.csv
2024-12-26 12:22:08,692 - INFO - Cleaning and transforming data...
2024-12-26 12:22:09,467 - INFO - Data successfully loaded into MySQL database
2024-12-26 15:05:31,374 - INFO - Loading raw data from C:/Users/riteshgupta6/PycharmProjects/Python-data-cleaning/data/Sales.csv
2024-12-26 15:05:31,392 - INFO - Cleaning and transforming data...
2024-12-26 15:05:31,996 - INFO - Data successfully loaded into MySQL database
2024-12-26 15:06:28,226 - INFO - Loading raw data from C:/Users/riteshgupta6/PycharmProjects/Python-data-cleaning/data/Sales.csv
2024-12-26 15:06:28,226 - INFO - Cleaning and transforming data...
2024-12-26 15:06:28,810 - INFO - Data successfully loaded into MySQL database
2024-12-26 15:14:35,917 - INFO - Loading raw data from C:/Users/riteshgupta6/PycharmProjects/Python-data-cleaning/data/Sales.csv
2024-12-26 15:14:35,933 - INFO - Cleaning and transforming data...
2024-12-26 15:14:36,502 - INFO - Data successfully loaded into MySQL database
2024-12-26 15:19:43,295 - INFO - Loading raw data from C:/Users/riteshgupta6/PycharmProjects/Python-data-cleaning/data/Sales.csv
2024-12-26 15:19:43,310 - INFO - Cleaning and transforming data...
2024-12-26 15:19:43,849 - INFO - Data successfully loaded into MySQL database
2024-12-26 15:20:20,948 - INFO - Loading raw data from C:/Users/riteshgupta6/PycharmProjects/Python-data-cleaning/data/Sales.csv
2024-12-26 15:20:20,948 - INFO - Cleaning and transforming data...
2024-12-26 15:20:21,500 - INFO - Data successfully loaded into MySQL database
